<?xml version="1.0" encoding="UTF-8"?>
<coverage generated="1773675078443" clover="3.2.0">
  <project timestamp="1773675078443" name="All files">
    <metrics statements="116" coveredstatements="116" conditionals="147" coveredconditionals="147" methods="29" coveredmethods="29" elements="292" coveredelements="292" complexity="0" loc="116" ncloc="116" packages="2" files="3" classes="3"/>
    <package name="EqualHousingNotice">
      <metrics statements="7" coveredstatements="7" conditionals="3" coveredconditionals="3" methods="2" coveredmethods="2"/>
      <file name="EqualHousingNotice.tsx" path="C:\Users\Edward.Rosado\Real-Estate-Star\packages\ui\EqualHousingNotice\EqualHousingNotice.tsx">
        <metrics statements="7" coveredstatements="7" conditionals="3" coveredconditionals="3" methods="2" coveredmethods="2"/>
        <line num="7" count="1" type="stmt"/>
        <line num="10" count="1" type="stmt"/>
        <line num="16" count="9" type="cond" truecount="2" falsecount="0"/>
        <line num="17" count="1" type="stmt"/>
        <line num="22" count="8" type="stmt"/>
        <line num="32" count="9" type="stmt"/>
        <line num="34" count="9" type="stmt"/>
      </file>
    </package>
    <package name="LeadForm">
      <metrics statements="109" coveredstatements="109" conditionals="144" coveredconditionals="144" methods="27" coveredmethods="27"/>
      <file name="LeadForm.tsx" path="C:\Users\Edward.Rosado\Real-Estate-Star\packages\ui\LeadForm\LeadForm.tsx">
        <metrics statements="57" coveredstatements="57" conditionals="109" coveredconditionals="109" methods="15" coveredmethods="15"/>
        <line num="1" count="1" type="stmt"/>
        <line num="28" count="29" type="cond" truecount="2" falsecount="0"/>
        <line num="29" count="25" type="stmt"/>
        <line num="69" count="213" type="stmt"/>
        <line num="70" count="213" type="stmt"/>
        <line num="71" count="213" type="cond" truecount="2" falsecount="0"/>
        <line num="73" count="2" type="cond" truecount="2" falsecount="0"/>
        <line num="75" count="213" type="stmt"/>
        <line num="76" count="213" type="stmt"/>
        <line num="77" count="213" type="stmt"/>
        <line num="78" count="213" type="stmt"/>
        <line num="101" count="213" type="stmt"/>
        <line num="103" count="213" type="stmt"/>
        <line num="105" count="117" type="stmt"/>
        <line num="110" count="213" type="stmt"/>
        <line num="145" count="168" type="cond" truecount="4" falsecount="0"/>
        <line num="146" count="142" type="cond" truecount="2" falsecount="0"/>
        <line num="147" count="61" type="stmt"/>
        <line num="151" count="13" type="stmt"/>
        <line num="153" count="13" type="cond" truecount="4" falsecount="0"/>
        <line num="154" count="4" type="stmt"/>
        <line num="155" count="4" type="stmt"/>
        <line num="161" count="9" type="cond" truecount="2" falsecount="0"/>
        <line num="162" count="1" type="stmt"/>
        <line num="163" count="1" type="stmt"/>
        <line num="166" count="8" type="cond" truecount="2" falsecount="0"/>
        <line num="167" count="1" type="stmt"/>
        <line num="168" count="1" type="stmt"/>
        <line num="171" count="7" type="cond" truecount="5" falsecount="0"/>
        <line num="172" count="1" type="stmt"/>
        <line num="175" count="1" type="stmt"/>
        <line num="178" count="6" type="stmt"/>
        <line num="180" count="6" type="stmt"/>
        <line num="181" count="6" type="cond" truecount="2" falsecount="0"/>
        <line num="182" count="6" type="cond" truecount="2" falsecount="0"/>
        <line num="185" count="6" type="cond" truecount="2" falsecount="0"/>
        <line num="186" count="4" type="stmt"/>
        <line num="198" count="6" type="cond" truecount="2" falsecount="0"/>
        <line num="199" count="3" type="stmt"/>
        <line num="210" count="6" type="stmt"/>
        <line num="222" count="13" type="stmt"/>
        <line num="223" count="13" type="stmt"/>
        <line num="224" count="13" type="stmt"/>
        <line num="228" count="6" type="stmt"/>
        <line num="232" count="213" type="stmt"/>
        <line num="242" count="213" type="stmt"/>
        <line num="249" count="213" type="stmt"/>
        <line num="253" count="213" type="stmt"/>
        <line num="271" count="213" type="stmt"/>
        <line num="278" count="213" type="stmt"/>
        <line num="289" count="2591" type="stmt"/>
        <line num="298" count="117" type="stmt"/>
        <line num="302" count="213" type="stmt"/>
        <line num="340" count="12" type="stmt"/>
        <line num="350" count="9" type="stmt"/>
        <line num="402" count="3" type="stmt"/>
        <line num="543" count="7" type="stmt"/>
      </file>
      <file name="useGoogleMapsAutocomplete.ts" path="C:\Users\Edward.Rosado\Real-Estate-Star\packages\ui\LeadForm\useGoogleMapsAutocomplete.ts">
        <metrics statements="52" coveredstatements="52" conditionals="35" coveredconditionals="35" methods="12" coveredmethods="12"/>
        <line num="1" count="1" type="stmt"/>
        <line num="30" count="1" type="stmt"/>
        <line num="34" count="11" type="stmt"/>
        <line num="38" count="10" type="cond" truecount="2" falsecount="0"/>
        <line num="39" count="9" type="cond" truecount="4" falsecount="0"/>
        <line num="40" count="5" type="stmt"/>
        <line num="42" count="4" type="stmt"/>
        <line num="43" count="4" type="stmt"/>
        <line num="44" count="4" type="stmt"/>
        <line num="45" count="4" type="stmt"/>
        <line num="46" count="4" type="stmt"/>
        <line num="47" count="4" type="stmt"/>
        <line num="48" count="4" type="stmt"/>
        <line num="50" count="4" type="stmt"/>
        <line num="54" count="6" type="stmt"/>
        <line num="55" count="6" type="stmt"/>
        <line num="56" count="6" type="stmt"/>
        <line num="57" count="6" type="stmt"/>
        <line num="59" count="6" type="stmt"/>
        <line num="60" count="18" type="stmt"/>
        <line num="61" count="18" type="cond" truecount="2" falsecount="0"/>
        <line num="62" count="3" type="stmt"/>
        <line num="63" count="15" type="cond" truecount="2" falsecount="0"/>
        <line num="64" count="3" type="stmt"/>
        <line num="65" count="12" type="cond" truecount="2" falsecount="0"/>
        <line num="66" count="4" type="stmt"/>
        <line num="67" count="8" type="cond" truecount="4" falsecount="0"/>
        <line num="68" count="1" type="stmt"/>
        <line num="69" count="7" type="cond" truecount="2" falsecount="0"/>
        <line num="70" count="4" type="stmt"/>
        <line num="71" count="3" type="cond" truecount="2" falsecount="0"/>
        <line num="72" count="2" type="stmt"/>
        <line num="76" count="6" type="stmt"/>
        <line num="85" count="16" type="stmt"/>
        <line num="87" count="16" type="stmt"/>
        <line num="88" count="12" type="cond" truecount="5" falsecount="0"/>
        <line num="90" count="10" type="stmt"/>
        <line num="91" count="10" type="stmt"/>
        <line num="93" count="10" type="stmt"/>
        <line num="95" count="6" type="cond" truecount="2" falsecount="0"/>
        <line num="96" count="5" type="cond" truecount="2" falsecount="0"/>
        <line num="97" count="4" type="stmt"/>
        <line num="105" count="4" type="stmt"/>
        <line num="106" count="2" type="stmt"/>
        <line num="107" count="2" type="cond" truecount="2" falsecount="0"/>
        <line num="108" count="1" type="stmt"/>
        <line num="111" count="4" type="stmt"/>
        <line num="117" count="10" type="stmt"/>
        <line num="118" count="10" type="stmt"/>
        <line num="119" count="10" type="cond" truecount="4" falsecount="0"/>
        <line num="120" count="4" type="stmt"/>
        <line num="125" count="16" type="stmt"/>
      </file>
    </package>
  </project>
</coverage>
