{"C:\\Users\\Edward.Rosado\\Real-Estate-Star\\packages\\ui\\EqualHousingNotice\\EqualHousingNotice.tsx": {"path":"C:\\Users\\Edward.Rosado\\Real-Estate-Star\\packages\\ui\\EqualHousingNotice\\EqualHousingNotice.tsx","statementMap":{"0":{"start":{"line":7,"column":2},"end":{"line":7,"column":null}},"1":{"start":{"line":10,"column":2},"end":{"line":13,"column":null}},"2":{"start":{"line":16,"column":2},"end":{"line":19,"column":null}},"3":{"start":{"line":17,"column":4},"end":{"line":19,"column":null}},"4":{"start":{"line":22,"column":2},"end":{"line":24,"column":null}},"5":{"start":{"line":32,"column":25},"end":{"line":32,"column":null}},"6":{"start":{"line":34,"column":2},"end":{"line":73,"column":null}}},"fnMap":{"0":{"name":"getComplianceText","decl":{"start":{"line":15,"column":9},"end":{"line":15,"column":27}},"loc":{"start":{"line":15,"column":56},"end":{"line":24,"column":null}},"line":15},"1":{"name":"EqualHousingNotice","decl":{"start":{"line":28,"column":16},"end":{"line":28,"column":35}},"loc":{"start":{"line":31,"column":28},"end":{"line":73,"column":null}},"line":31}},"branchMap":{"0":{"loc":{"start":{"line":16,"column":2},"end":{"line":19,"column":null}},"type":"if","locations":[{"start":{"line":16,"column":2},"end":{"line":19,"column":null}},{"start":{},"end":{}}],"line":16},"1":{"loc":{"start":{"line":30,"column":2},"end":{"line":30,"column":null}},"type":"default-arg","locations":[{"start":{"line":30,"column":14},"end":{"line":30,"column":null}}],"line":30}},"s":{"0":1,"1":1,"2":9,"3":1,"4":8,"5":9,"6":9},"f":{"0":9,"1":9},"b":{"0":[1,8],"1":[9]},"meta":{"lastBranch":2,"lastFunction":2,"lastStatement":7,"seen":{"s:7:2:7:Infinity":0,"s:10:2:13:Infinity":1,"f:15:9:15:27":0,"b:16:2:19:Infinity:undefined:undefined:undefined:undefined":0,"s:16:2:19:Infinity":2,"s:17:4:19:Infinity":3,"s:22:2:24:Infinity":4,"f:28:16:28:35":1,"b:30:14:30:Infinity":1,"s:32:25:32:Infinity":5,"s:34:2:73:Infinity":6}}}
,"C:\\Users\\Edward.Rosado\\Real-Estate-Star\\packages\\ui\\LeadForm\\LeadForm.tsx": {"path":"C:\\Users\\Edward.Rosado\\Real-Estate-Star\\packages\\ui\\LeadForm\\LeadForm.tsx","statementMap":{"0":{"start":{"line":1,"column":0},"end":{"line":1,"column":null}},"1":{"start":{"line":28,"column":2},"end":{"line":28,"column":null}},"2":{"start":{"line":28,"column":14},"end":{"line":28,"column":null}},"3":{"start":{"line":29,"column":12},"end":{"line":29,"column":25}},"4":{"start":{"line":69,"column":19},"end":{"line":69,"column":74}},"5":{"start":{"line":70,"column":20},"end":{"line":70,"column":77}},"6":{"start":{"line":71,"column":69},"end":{"line":74,"column":null}},"7":{"start":{"line":73,"column":37},"end":{"line":73,"column":null}},"8":{"start":{"line":75,"column":21},"end":{"line":75,"column":53}},"9":{"start":{"line":76,"column":26},"end":{"line":76,"column":77}},"10":{"start":{"line":77,"column":22},"end":{"line":77,"column":55}},"11":{"start":{"line":78,"column":17},"end":{"line":99,"column":4}},"12":{"start":{"line":101,"column":8},"end":{"line":101,"column":51}},"13":{"start":{"line":103,"column":8},"end":{"line":107,"column":null}},"14":{"start":{"line":105,"column":6},"end":{"line":105,"column":null}},"15":{"start":{"line":105,"column":27},"end":{"line":105,"column":55}},"16":{"start":{"line":110,"column":2},"end":{"line":142,"column":null}},"17":{"start":{"line":145,"column":4},"end":{"line":145,"column":null}},"18":{"start":{"line":145,"column":31},"end":{"line":145,"column":null}},"19":{"start":{"line":146,"column":4},"end":{"line":146,"column":null}},"20":{"start":{"line":146,"column":18},"end":{"line":146,"column":null}},"21":{"start":{"line":147,"column":4},"end":{"line":147,"column":null}},"22":{"start":{"line":151,"column":4},"end":{"line":151,"column":null}},"23":{"start":{"line":153,"column":4},"end":{"line":155,"column":null}},"24":{"start":{"line":154,"column":6},"end":{"line":154,"column":null}},"25":{"start":{"line":155,"column":6},"end":{"line":155,"column":null}},"26":{"start":{"line":161,"column":4},"end":{"line":163,"column":null}},"27":{"start":{"line":162,"column":6},"end":{"line":162,"column":null}},"28":{"start":{"line":163,"column":6},"end":{"line":163,"column":null}},"29":{"start":{"line":166,"column":4},"end":{"line":168,"column":null}},"30":{"start":{"line":167,"column":6},"end":{"line":167,"column":null}},"31":{"start":{"line":168,"column":6},"end":{"line":168,"column":null}},"32":{"start":{"line":171,"column":4},"end":{"line":175,"column":null}},"33":{"start":{"line":172,"column":6},"end":{"line":174,"column":null}},"34":{"start":{"line":175,"column":6},"end":{"line":175,"column":null}},"35":{"start":{"line":178,"column":4},"end":{"line":178,"column":null}},"36":{"start":{"line":180,"column":34},"end":{"line":180,"column":36}},"37":{"start":{"line":181,"column":4},"end":{"line":181,"column":null}},"38":{"start":{"line":181,"column":18},"end":{"line":181,"column":null}},"39":{"start":{"line":182,"column":4},"end":{"line":182,"column":null}},"40":{"start":{"line":182,"column":19},"end":{"line":182,"column":null}},"41":{"start":{"line":185,"column":4},"end":{"line":194,"column":null}},"42":{"start":{"line":186,"column":6},"end":{"line":194,"column":null}},"43":{"start":{"line":198,"column":4},"end":{"line":207,"column":null}},"44":{"start":{"line":199,"column":6},"end":{"line":207,"column":null}},"45":{"start":{"line":210,"column":31},"end":{"line":220,"column":null}},"46":{"start":{"line":222,"column":4},"end":{"line":222,"column":null}},"47":{"start":{"line":223,"column":4},"end":{"line":228,"column":null}},"48":{"start":{"line":224,"column":6},"end":{"line":224,"column":null}},"49":{"start":{"line":228,"column":6},"end":{"line":228,"column":null}},"50":{"start":{"line":232,"column":42},"end":{"line":240,"column":null}},"51":{"start":{"line":242,"column":42},"end":{"line":247,"column":null}},"52":{"start":{"line":249,"column":47},"end":{"line":250,"column":null}},"53":{"start":{"line":253,"column":40},"end":{"line":269,"column":null}},"54":{"start":{"line":271,"column":43},"end":{"line":276,"column":null}},"55":{"start":{"line":278,"column":23},"end":{"line":278,"column":null}},"56":{"start":{"line":289,"column":4},"end":{"line":299,"column":null}},"57":{"start":{"line":298,"column":8},"end":{"line":298,"column":null}},"58":{"start":{"line":302,"column":2},"end":{"line":592,"column":null}},"59":{"start":{"line":340,"column":30},"end":{"line":340,"column":54}},"60":{"start":{"line":340,"column":49},"end":{"line":340,"column":52}},"61":{"start":{"line":340,"column":54},"end":{"line":340,"column":null}},"62":{"start":{"line":350,"column":30},"end":{"line":350,"column":55}},"63":{"start":{"line":350,"column":50},"end":{"line":350,"column":53}},"64":{"start":{"line":350,"column":55},"end":{"line":350,"column":null}},"65":{"start":{"line":402,"column":20},"end":{"line":402,"column":null}},"66":{"start":{"line":543,"column":27},"end":{"line":543,"column":59}}},"fnMap":{"0":{"name":"parseOptionalNumber","decl":{"start":{"line":27,"column":9},"end":{"line":27,"column":29}},"loc":{"start":{"line":27,"column":64},"end":{"line":31,"column":null}},"line":27},"1":{"name":"LeadForm","decl":{"start":{"line":57,"column":16},"end":{"line":57,"column":25}},"loc":{"start":{"line":68,"column":18},"end":{"line":592,"column":null}},"line":68},"2":{"name":"(anonymous_2)","decl":{"start":{"line":72,"column":8},"end":{"line":72,"column":null}},"loc":{"start":{"line":73,"column":37},"end":{"line":73,"column":null}},"line":73},"3":{"name":"(anonymous_3)","decl":{"start":{"line":103,"column":22},"end":{"line":103,"column":null}},"loc":{"start":{"line":104,"column":47},"end":{"line":107,"column":6}},"line":104},"4":{"name":"(anonymous_4)","decl":{"start":{"line":105,"column":6},"end":{"line":105,"column":17}},"loc":{"start":{"line":105,"column":27},"end":{"line":105,"column":55}},"line":105},"5":{"name":"getTimelineLabel","decl":{"start":{"line":144,"column":11},"end":{"line":144,"column":38}},"loc":{"start":{"line":144,"column":38},"end":{"line":147,"column":null}},"line":144},"6":{"name":"handleSubmit","decl":{"start":{"line":150,"column":17},"end":{"line":150,"column":30}},"loc":{"start":{"line":150,"column":44},"end":{"line":228,"column":null}},"line":150},"7":{"name":"field","decl":{"start":{"line":280,"column":11},"end":{"line":280,"column":null}},"loc":{"start":{"line":288,"column":4},"end":{"line":299,"column":null}},"line":288},"8":{"name":"(anonymous_8)","decl":{"start":{"line":297,"column":6},"end":{"line":297,"column":17}},"loc":{"start":{"line":298,"column":8},"end":{"line":298,"column":null}},"line":298},"9":{"name":"(anonymous_9)","decl":{"start":{"line":340,"column":12},"end":{"line":340,"column":28}},"loc":{"start":{"line":340,"column":28},"end":{"line":340,"column":null}},"line":340},"10":{"name":"(anonymous_10)","decl":{"start":{"line":340,"column":30},"end":{"line":340,"column":43}},"loc":{"start":{"line":340,"column":49},"end":{"line":340,"column":52}},"line":340},"11":{"name":"(anonymous_11)","decl":{"start":{"line":350,"column":12},"end":{"line":350,"column":28}},"loc":{"start":{"line":350,"column":28},"end":{"line":350,"column":null}},"line":350},"12":{"name":"(anonymous_12)","decl":{"start":{"line":350,"column":30},"end":{"line":350,"column":44}},"loc":{"start":{"line":350,"column":50},"end":{"line":350,"column":53}},"line":350},"13":{"name":"(anonymous_13)","decl":{"start":{"line":401,"column":32},"end":{"line":401,"column":37}},"loc":{"start":{"line":402,"column":20},"end":{"line":402,"column":null}},"line":402},"14":{"name":"(anonymous_14)","decl":{"start":{"line":543,"column":10},"end":{"line":543,"column":21}},"loc":{"start":{"line":543,"column":27},"end":{"line":543,"column":59}},"line":543}},"branchMap":{"0":{"loc":{"start":{"line":28,"column":2},"end":{"line":28,"column":null}},"type":"if","locations":[{"start":{"line":28,"column":2},"end":{"line":28,"column":null}},{"start":{},"end":{}}],"line":28},"1":{"loc":{"start":{"line":59,"column":2},"end":{"line":59,"column":null}},"type":"default-arg","locations":[{"start":{"line":59,"column":21},"end":{"line":59,"column":null}}],"line":59},"2":{"loc":{"start":{"line":61,"column":2},"end":{"line":61,"column":18}},"type":"default-arg","locations":[{"start":{"line":61,"column":16},"end":{"line":61,"column":18}}],"line":61},"3":{"loc":{"start":{"line":63,"column":2},"end":{"line":63,"column":null}},"type":"default-arg","locations":[{"start":{"line":63,"column":13},"end":{"line":63,"column":null}}],"line":63},"4":{"loc":{"start":{"line":65,"column":2},"end":{"line":65,"column":19}},"type":"default-arg","locations":[{"start":{"line":65,"column":17},"end":{"line":65,"column":19}}],"line":65},"5":{"loc":{"start":{"line":66,"column":2},"end":{"line":66,"column":null}},"type":"default-arg","locations":[{"start":{"line":66,"column":22},"end":{"line":66,"column":null}}],"line":66},"6":{"loc":{"start":{"line":71,"column":69},"end":{"line":74,"column":null}},"type":"binary-expr","locations":[{"start":{"line":71,"column":69},"end":{"line":71,"column":null}},{"start":{"line":72,"column":8},"end":{"line":74,"column":null}}],"line":71},"7":{"loc":{"start":{"line":72,"column":8},"end":{"line":74,"column":null}},"type":"cond-expr","locations":[{"start":{"line":72,"column":8},"end":{"line":73,"column":null}},{"start":{"line":74,"column":8},"end":{"line":74,"column":null}}],"line":72},"8":{"loc":{"start":{"line":73,"column":37},"end":{"line":73,"column":null}},"type":"cond-expr","locations":[{"start":{"line":73,"column":41},"end":{"line":73,"column":61}},{"start":{"line":73,"column":61},"end":{"line":73,"column":null}}],"line":73},"9":{"loc":{"start":{"line":145,"column":4},"end":{"line":145,"column":null}},"type":"if","locations":[{"start":{"line":145,"column":4},"end":{"line":145,"column":null}},{"start":{},"end":{}}],"line":145},"10":{"loc":{"start":{"line":145,"column":8},"end":{"line":145,"column":31}},"type":"binary-expr","locations":[{"start":{"line":145,"column":8},"end":{"line":145,"column":20}},{"start":{"line":145,"column":20},"end":{"line":145,"column":31}}],"line":145},"11":{"loc":{"start":{"line":146,"column":4},"end":{"line":146,"column":null}},"type":"if","locations":[{"start":{"line":146,"column":4},"end":{"line":146,"column":null}},{"start":{},"end":{}}],"line":146},"12":{"loc":{"start":{"line":153,"column":4},"end":{"line":155,"column":null}},"type":"if","locations":[{"start":{"line":153,"column":4},"end":{"line":155,"column":null}},{"start":{},"end":{}}],"line":153},"13":{"loc":{"start":{"line":153,"column":8},"end":{"line":153,"column":33}},"type":"binary-expr","locations":[{"start":{"line":153,"column":8},"end":{"line":153,"column":21}},{"start":{"line":153,"column":21},"end":{"line":153,"column":33}}],"line":153},"14":{"loc":{"start":{"line":161,"column":4},"end":{"line":163,"column":null}},"type":"if","locations":[{"start":{"line":161,"column":4},"end":{"line":163,"column":null}},{"start":{},"end":{}}],"line":161},"15":{"loc":{"start":{"line":166,"column":4},"end":{"line":168,"column":null}},"type":"if","locations":[{"start":{"line":166,"column":4},"end":{"line":168,"column":null}},{"start":{},"end":{}}],"line":166},"16":{"loc":{"start":{"line":171,"column":4},"end":{"line":175,"column":null}},"type":"if","locations":[{"start":{"line":171,"column":4},"end":{"line":175,"column":null}},{"start":{},"end":{}}],"line":171},"17":{"loc":{"start":{"line":171,"column":8},"end":{"line":171,"column":80}},"type":"binary-expr","locations":[{"start":{"line":171,"column":8},"end":{"line":171,"column":21}},{"start":{"line":171,"column":21},"end":{"line":171,"column":43}},{"start":{"line":171,"column":43},"end":{"line":171,"column":80}}],"line":171},"18":{"loc":{"start":{"line":181,"column":4},"end":{"line":181,"column":null}},"type":"if","locations":[{"start":{"line":181,"column":4},"end":{"line":181,"column":null}},{"start":{},"end":{}}],"line":181},"19":{"loc":{"start":{"line":182,"column":4},"end":{"line":182,"column":null}},"type":"if","locations":[{"start":{"line":182,"column":4},"end":{"line":182,"column":null}},{"start":{},"end":{}}],"line":182},"20":{"loc":{"start":{"line":185,"column":4},"end":{"line":194,"column":null}},"type":"if","locations":[{"start":{"line":185,"column":4},"end":{"line":194,"column":null}},{"start":{},"end":{}}],"line":185},"21":{"loc":{"start":{"line":192,"column":13},"end":{"line":192,"column":91}},"type":"binary-expr","locations":[{"start":{"line":192,"column":13},"end":{"line":192,"column":35}},{"start":{"line":192,"column":35},"end":{"line":192,"column":91}}],"line":192},"22":{"loc":{"start":{"line":198,"column":4},"end":{"line":207,"column":null}},"type":"if","locations":[{"start":{"line":198,"column":4},"end":{"line":207,"column":null}},{"start":{},"end":{}}],"line":198},"23":{"loc":{"start":{"line":219,"column":13},"end":{"line":219,"column":null}},"type":"binary-expr","locations":[{"start":{"line":219,"column":13},"end":{"line":219,"column":29}},{"start":{"line":219,"column":29},"end":{"line":219,"column":null}}],"line":219},"24":{"loc":{"start":{"line":290,"column":10},"end":{"line":290,"column":null}},"type":"binary-expr","locations":[{"start":{"line":290,"column":10},"end":{"line":290,"column":23}},{"start":{"line":290,"column":23},"end":{"line":290,"column":null}}],"line":290},"25":{"loc":{"start":{"line":296,"column":23},"end":{"line":296,"column":null}},"type":"binary-expr","locations":[{"start":{"line":296,"column":23},"end":{"line":296,"column":42}},{"start":{"line":296,"column":42},"end":{"line":296,"column":null}}],"line":296},"26":{"loc":{"start":{"line":335,"column":49},"end":{"line":335,"column":85}},"type":"cond-expr","locations":[{"start":{"line":335,"column":60},"end":{"line":335,"column":74}},{"start":{"line":335,"column":74},"end":{"line":335,"column":85}}],"line":335},"27":{"loc":{"start":{"line":335,"column":89},"end":{"line":335,"column":164}},"type":"cond-expr","locations":[{"start":{"line":335,"column":134},"end":{"line":335,"column":156}},{"start":{"line":335,"column":159},"end":{"line":335,"column":164}}],"line":335},"28":{"loc":{"start":{"line":335,"column":89},"end":{"line":335,"column":134}},"type":"binary-expr","locations":[{"start":{"line":335,"column":89},"end":{"line":335,"column":108}},{"start":{"line":335,"column":108},"end":{"line":335,"column":121}},{"start":{"line":335,"column":121},"end":{"line":335,"column":134}}],"line":335},"29":{"loc":{"start":{"line":345,"column":49},"end":{"line":345,"column":86}},"type":"cond-expr","locations":[{"start":{"line":345,"column":61},"end":{"line":345,"column":75}},{"start":{"line":345,"column":75},"end":{"line":345,"column":86}}],"line":345},"30":{"loc":{"start":{"line":345,"column":90},"end":{"line":345,"column":165}},"type":"cond-expr","locations":[{"start":{"line":345,"column":135},"end":{"line":345,"column":157}},{"start":{"line":345,"column":160},"end":{"line":345,"column":165}}],"line":345},"31":{"loc":{"start":{"line":345,"column":90},"end":{"line":345,"column":135}},"type":"binary-expr","locations":[{"start":{"line":345,"column":90},"end":{"line":345,"column":109}},{"start":{"line":345,"column":109},"end":{"line":345,"column":122}},{"start":{"line":345,"column":122},"end":{"line":345,"column":135}}],"line":345},"32":{"loc":{"start":{"line":384,"column":18},"end":{"line":384,"column":null}},"type":"cond-expr","locations":[{"start":{"line":384,"column":29},"end":{"line":384,"column":51}},{"start":{"line":384,"column":51},"end":{"line":384,"column":null}}],"line":384},"33":{"loc":{"start":{"line":386,"column":19},"end":{"line":386,"column":null}},"type":"cond-expr","locations":[{"start":{"line":386,"column":30},"end":{"line":386,"column":35}},{"start":{"line":386,"column":35},"end":{"line":386,"column":null}}],"line":386},"34":{"loc":{"start":{"line":387,"column":24},"end":{"line":387,"column":null}},"type":"cond-expr","locations":[{"start":{"line":387,"column":35},"end":{"line":387,"column":40}},{"start":{"line":387,"column":40},"end":{"line":387,"column":null}}],"line":387},"35":{"loc":{"start":{"line":388,"column":21},"end":{"line":388,"column":null}},"type":"cond-expr","locations":[{"start":{"line":388,"column":32},"end":{"line":388,"column":42}},{"start":{"line":388,"column":42},"end":{"line":388,"column":null}}],"line":388},"36":{"loc":{"start":{"line":389,"column":19},"end":{"line":389,"column":null}},"type":"cond-expr","locations":[{"start":{"line":389,"column":30},"end":{"line":389,"column":34}},{"start":{"line":389,"column":34},"end":{"line":389,"column":null}}],"line":389},"37":{"loc":{"start":{"line":394,"column":9},"end":{"line":444,"column":null}},"type":"binary-expr","locations":[{"start":{"line":394,"column":9},"end":{"line":394,"column":null}},{"start":{"line":395,"column":10},"end":{"line":444,"column":null}}],"line":394},"38":{"loc":{"start":{"line":398,"column":15},"end":{"line":406,"column":null}},"type":"cond-expr","locations":[{"start":{"line":399,"column":16},"end":{"line":406,"column":17}},{"start":{"line":406,"column":16},"end":{"line":406,"column":null}}],"line":398},"39":{"loc":{"start":{"line":453,"column":18},"end":{"line":453,"column":null}},"type":"cond-expr","locations":[{"start":{"line":453,"column":30},"end":{"line":453,"column":52}},{"start":{"line":453,"column":52},"end":{"line":453,"column":null}}],"line":453},"40":{"loc":{"start":{"line":455,"column":19},"end":{"line":455,"column":null}},"type":"cond-expr","locations":[{"start":{"line":455,"column":31},"end":{"line":455,"column":36}},{"start":{"line":455,"column":36},"end":{"line":455,"column":null}}],"line":455},"41":{"loc":{"start":{"line":456,"column":24},"end":{"line":456,"column":null}},"type":"cond-expr","locations":[{"start":{"line":456,"column":36},"end":{"line":456,"column":41}},{"start":{"line":456,"column":41},"end":{"line":456,"column":null}}],"line":456},"42":{"loc":{"start":{"line":457,"column":21},"end":{"line":457,"column":null}},"type":"cond-expr","locations":[{"start":{"line":457,"column":33},"end":{"line":457,"column":43}},{"start":{"line":457,"column":43},"end":{"line":457,"column":null}}],"line":457},"43":{"loc":{"start":{"line":458,"column":19},"end":{"line":458,"column":null}},"type":"cond-expr","locations":[{"start":{"line":458,"column":31},"end":{"line":458,"column":35}},{"start":{"line":458,"column":35},"end":{"line":458,"column":null}}],"line":458},"44":{"loc":{"start":{"line":463,"column":9},"end":{"line":500,"column":null}},"type":"binary-expr","locations":[{"start":{"line":463,"column":9},"end":{"line":463,"column":null}},{"start":{"line":464,"column":10},"end":{"line":500,"column":null}}],"line":463},"45":{"loc":{"start":{"line":505,"column":8},"end":{"line":516,"column":null}},"type":"binary-expr","locations":[{"start":{"line":505,"column":8},"end":{"line":505,"column":20}},{"start":{"line":505,"column":20},"end":{"line":505,"column":null}},{"start":{"line":506,"column":8},"end":{"line":516,"column":null}}],"line":505},"46":{"loc":{"start":{"line":529,"column":9},"end":{"line":532,"column":null}},"type":"binary-expr","locations":[{"start":{"line":529,"column":9},"end":{"line":529,"column":null}},{"start":{"line":530,"column":10},"end":{"line":532,"column":null}}],"line":529},"47":{"loc":{"start":{"line":532,"column":9},"end":{"line":533,"column":null}},"type":"binary-expr","locations":[{"start":{"line":532,"column":9},"end":{"line":532,"column":null}},{"start":{"line":533,"column":10},"end":{"line":533,"column":null}}],"line":532},"48":{"loc":{"start":{"line":559,"column":18},"end":{"line":559,"column":null}},"type":"binary-expr","locations":[{"start":{"line":559,"column":18},"end":{"line":559,"column":30}},{"start":{"line":559,"column":30},"end":{"line":559,"column":null}}],"line":559},"49":{"loc":{"start":{"line":569,"column":18},"end":{"line":569,"column":null}},"type":"cond-expr","locations":[{"start":{"line":569,"column":43},"end":{"line":569,"column":59}},{"start":{"line":569,"column":59},"end":{"line":569,"column":null}}],"line":569},"50":{"loc":{"start":{"line":569,"column":18},"end":{"line":569,"column":43}},"type":"binary-expr","locations":[{"start":{"line":569,"column":18},"end":{"line":569,"column":30}},{"start":{"line":569,"column":30},"end":{"line":569,"column":43}}],"line":569},"51":{"loc":{"start":{"line":571,"column":19},"end":{"line":571,"column":null}},"type":"cond-expr","locations":[{"start":{"line":571,"column":44},"end":{"line":571,"column":50}},{"start":{"line":571,"column":50},"end":{"line":571,"column":null}}],"line":571},"52":{"loc":{"start":{"line":571,"column":19},"end":{"line":571,"column":44}},"type":"binary-expr","locations":[{"start":{"line":571,"column":19},"end":{"line":571,"column":31}},{"start":{"line":571,"column":31},"end":{"line":571,"column":44}}],"line":571},"53":{"loc":{"start":{"line":574,"column":9},"end":{"line":574,"column":null}},"type":"cond-expr","locations":[{"start":{"line":574,"column":45},"end":{"line":574,"column":77}},{"start":{"line":574,"column":80},"end":{"line":574,"column":null}}],"line":574},"54":{"loc":{"start":{"line":577,"column":7},"end":{"line":592,"column":null}},"type":"binary-expr","locations":[{"start":{"line":577,"column":7},"end":{"line":577,"column":null}},{"start":{"line":578,"column":8},"end":{"line":592,"column":null}}],"line":577}},"s":{"0":1,"1":29,"2":4,"3":25,"4":213,"5":213,"6":213,"7":2,"8":213,"9":213,"10":213,"11":213,"12":213,"13":213,"14":117,"15":117,"16":213,"17":168,"18":26,"19":142,"20":81,"21":61,"22":13,"23":13,"24":4,"25":4,"26":9,"27":1,"28":1,"29":8,"30":1,"31":1,"32":7,"33":1,"34":1,"35":6,"36":6,"37":6,"38":4,"39":6,"40":6,"41":6,"42":4,"43":6,"44":3,"45":6,"46":13,"47":13,"48":13,"49":6,"50":213,"51":213,"52":213,"53":213,"54":213,"55":213,"56":2591,"57":117,"58":213,"59":12,"60":12,"61":12,"62":9,"63":9,"64":9,"65":3,"66":7},"f":{"0":29,"1":213,"2":2,"3":117,"4":117,"5":168,"6":13,"7":2591,"8":117,"9":12,"10":12,"11":9,"12":9,"13":3,"14":7},"b":{"0":[4,25],"1":[213],"2":[213],"3":[213],"4":[213],"5":[213],"6":[213,208],"7":[2,206],"8":[1,1],"9":[26,142],"10":[168,107],"11":[81,61],"12":[4,9],"13":[13,7],"14":[1,8],"15":[1,7],"16":[1,6],"17":[7,4,4],"18":[4,2],"19":[3,3],"20":[4,2],"21":[4,4],"22":[3,3],"23":[6,6],"24":[2591,2504],"25":[2591,1116],"26":[107,106],"27":[4,209],"28":[213,10,8],"29":[87,126],"30":[4,209],"31":[213,10,8],"32":[107,106],"33":[107,106],"34":[107,106],"35":[107,106],"36":[107,106],"37":[213,107],"38":[1,106],"39":[87,126],"40":[87,126],"41":[87,126],"42":[87,126],"43":[87,126],"44":[213,87],"45":[213,106,168],"46":[213,10],"47":[213,1],"48":[213,212],"49":[7,206],"50":[213,212],"51":[7,206],"52":[213,212],"53":[6,207],"54":[213,1]},"meta":{"lastBranch":55,"lastFunction":15,"lastStatement":67,"seen":{"s:1:0:1:Infinity":0,"f:27:9:27:29":0,"b:28:2:28:Infinity:undefined:undefined:undefined:undefined":0,"s:28:2:28:Infinity":1,"s:28:14:28:Infinity":2,"s:29:12:29:25":3,"f:57:16:57:25":1,"b:59:21:59:Infinity":1,"b:61:16:61:18":2,"b:63:13:63:Infinity":3,"b:65:17:65:19":4,"b:66:22:66:Infinity":5,"s:69:19:69:74":4,"s:70:20:70:77":5,"s:71:69:74:Infinity":6,"b:71:69:71:Infinity:72:8:74:Infinity":6,"b:72:8:73:Infinity:74:8:74:Infinity":7,"f:72:8:72:Infinity":2,"s:73:37:73:Infinity":7,"b:73:41:73:61:73:61:73:Infinity":8,"s:75:21:75:53":8,"s:76:26:76:77":9,"s:77:22:77:55":10,"s:78:17:99:4":11,"s:101:8:101:51":12,"s:103:8:107:Infinity":13,"f:103:22:103:Infinity":3,"s:105:6:105:Infinity":14,"f:105:6:105:17":4,"s:105:27:105:55":15,"s:110:2:142:Infinity":16,"f:144:11:144:38":5,"b:145:4:145:Infinity:undefined:undefined:undefined:undefined":9,"s:145:4:145:Infinity":17,"b:145:8:145:20:145:20:145:31":10,"s:145:31:145:Infinity":18,"b:146:4:146:Infinity:undefined:undefined:undefined:undefined":11,"s:146:4:146:Infinity":19,"s:146:18:146:Infinity":20,"s:147:4:147:Infinity":21,"f:150:17:150:30":6,"s:151:4:151:Infinity":22,"b:153:4:155:Infinity:undefined:undefined:undefined:undefined":12,"s:153:4:155:Infinity":23,"b:153:8:153:21:153:21:153:33":13,"s:154:6:154:Infinity":24,"s:155:6:155:Infinity":25,"b:161:4:163:Infinity:undefined:undefined:undefined:undefined":14,"s:161:4:163:Infinity":26,"s:162:6:162:Infinity":27,"s:163:6:163:Infinity":28,"b:166:4:168:Infinity:undefined:undefined:undefined:undefined":15,"s:166:4:168:Infinity":29,"s:167:6:167:Infinity":30,"s:168:6:168:Infinity":31,"b:171:4:175:Infinity:undefined:undefined:undefined:undefined":16,"s:171:4:175:Infinity":32,"b:171:8:171:21:171:21:171:43:171:43:171:80":17,"s:172:6:174:Infinity":33,"s:175:6:175:Infinity":34,"s:178:4:178:Infinity":35,"s:180:34:180:36":36,"b:181:4:181:Infinity:undefined:undefined:undefined:undefined":18,"s:181:4:181:Infinity":37,"s:181:18:181:Infinity":38,"b:182:4:182:Infinity:undefined:undefined:undefined:undefined":19,"s:182:4:182:Infinity":39,"s:182:19:182:Infinity":40,"b:185:4:194:Infinity:undefined:undefined:undefined:undefined":20,"s:185:4:194:Infinity":41,"s:186:6:194:Infinity":42,"b:192:13:192:35:192:35:192:91":21,"b:198:4:207:Infinity:undefined:undefined:undefined:undefined":22,"s:198:4:207:Infinity":43,"s:199:6:207:Infinity":44,"s:210:31:220:Infinity":45,"b:219:13:219:29:219:29:219:Infinity":23,"s:222:4:222:Infinity":46,"s:223:4:228:Infinity":47,"s:224:6:224:Infinity":48,"s:228:6:228:Infinity":49,"s:232:42:240:Infinity":50,"s:242:42:247:Infinity":51,"s:249:47:250:Infinity":52,"s:253:40:269:Infinity":53,"s:271:43:276:Infinity":54,"s:278:23:278:Infinity":55,"f:280:11:280:Infinity":7,"s:289:4:299:Infinity":56,"b:290:10:290:23:290:23:290:Infinity":24,"b:296:23:296:42:296:42:296:Infinity":25,"f:297:6:297:17":8,"s:298:8:298:Infinity":57,"s:302:2:592:Infinity":58,"b:335:60:335:74:335:74:335:85":26,"b:335:134:335:156:335:159:335:164":27,"b:335:89:335:108:335:108:335:121:335:121:335:134":28,"f:340:12:340:28":9,"s:340:30:340:54":59,"f:340:30:340:43":10,"s:340:49:340:52":60,"s:340:54:340:Infinity":61,"b:345:61:345:75:345:75:345:86":29,"b:345:135:345:157:345:160:345:165":30,"b:345:90:345:109:345:109:345:122:345:122:345:135":31,"f:350:12:350:28":11,"s:350:30:350:55":62,"f:350:30:350:44":12,"s:350:50:350:53":63,"s:350:55:350:Infinity":64,"b:384:29:384:51:384:51:384:Infinity":32,"b:386:30:386:35:386:35:386:Infinity":33,"b:387:35:387:40:387:40:387:Infinity":34,"b:388:32:388:42:388:42:388:Infinity":35,"b:389:30:389:34:389:34:389:Infinity":36,"b:394:9:394:Infinity:395:10:444:Infinity":37,"b:399:16:406:17:406:16:406:Infinity":38,"f:401:32:401:37":13,"s:402:20:402:Infinity":65,"b:453:30:453:52:453:52:453:Infinity":39,"b:455:31:455:36:455:36:455:Infinity":40,"b:456:36:456:41:456:41:456:Infinity":41,"b:457:33:457:43:457:43:457:Infinity":42,"b:458:31:458:35:458:35:458:Infinity":43,"b:463:9:463:Infinity:464:10:500:Infinity":44,"b:505:8:505:20:505:20:505:Infinity:506:8:516:Infinity":45,"b:529:9:529:Infinity:530:10:532:Infinity":46,"b:532:9:532:Infinity:533:10:533:Infinity":47,"f:543:10:543:21":14,"s:543:27:543:59":66,"b:559:18:559:30:559:30:559:Infinity":48,"b:569:43:569:59:569:59:569:Infinity":49,"b:569:18:569:30:569:30:569:43":50,"b:571:44:571:50:571:50:571:Infinity":51,"b:571:19:571:31:571:31:571:44":52,"b:574:45:574:77:574:80:574:Infinity":53,"b:577:7:577:Infinity:578:8:592:Infinity":54}}}
,"C:\\Users\\Edward.Rosado\\Real-Estate-Star\\packages\\ui\\LeadForm\\useGoogleMapsAutocomplete.ts": {"path":"C:\\Users\\Edward.Rosado\\Real-Estate-Star\\packages\\ui\\LeadForm\\useGoogleMapsAutocomplete.ts","statementMap":{"0":{"start":{"line":1,"column":0},"end":{"line":1,"column":null}},"1":{"start":{"line":30,"column":40},"end":{"line":30,"column":null}},"2":{"start":{"line":34,"column":2},"end":{"line":34,"column":null}},"3":{"start":{"line":38,"column":2},"end":{"line":38,"column":null}},"4":{"start":{"line":38,"column":19},"end":{"line":38,"column":null}},"5":{"start":{"line":39,"column":2},"end":{"line":40,"column":null}},"6":{"start":{"line":40,"column":4},"end":{"line":40,"column":null}},"7":{"start":{"line":42,"column":2},"end":{"line":49,"column":null}},"8":{"start":{"line":43,"column":19},"end":{"line":43,"column":51}},"9":{"start":{"line":44,"column":4},"end":{"line":44,"column":null}},"10":{"start":{"line":45,"column":4},"end":{"line":45,"column":null}},"11":{"start":{"line":46,"column":4},"end":{"line":46,"column":null}},"12":{"start":{"line":46,"column":26},"end":{"line":46,"column":35}},"13":{"start":{"line":47,"column":4},"end":{"line":47,"column":null}},"14":{"start":{"line":47,"column":27},"end":{"line":47,"column":78}},"15":{"start":{"line":48,"column":4},"end":{"line":48,"column":null}},"16":{"start":{"line":50,"column":2},"end":{"line":50,"column":null}},"17":{"start":{"line":54,"column":16},"end":{"line":54,"column":null}},"18":{"start":{"line":55,"column":13},"end":{"line":55,"column":null}},"19":{"start":{"line":56,"column":14},"end":{"line":56,"column":null}},"20":{"start":{"line":57,"column":12},"end":{"line":57,"column":null}},"21":{"start":{"line":59,"column":2},"end":{"line":72,"column":null}},"22":{"start":{"line":60,"column":18},"end":{"line":60,"column":null}},"23":{"start":{"line":61,"column":4},"end":{"line":72,"column":null}},"24":{"start":{"line":62,"column":6},"end":{"line":62,"column":null}},"25":{"start":{"line":63,"column":15},"end":{"line":72,"column":null}},"26":{"start":{"line":64,"column":6},"end":{"line":64,"column":null}},"27":{"start":{"line":65,"column":15},"end":{"line":72,"column":null}},"28":{"start":{"line":66,"column":6},"end":{"line":66,"column":null}},"29":{"start":{"line":67,"column":15},"end":{"line":72,"column":null}},"30":{"start":{"line":68,"column":6},"end":{"line":68,"column":null}},"31":{"start":{"line":69,"column":15},"end":{"line":72,"column":null}},"32":{"start":{"line":70,"column":6},"end":{"line":70,"column":null}},"33":{"start":{"line":71,"column":15},"end":{"line":72,"column":null}},"34":{"start":{"line":72,"column":6},"end":{"line":72,"column":null}},"35":{"start":{"line":76,"column":2},"end":{"line":76,"column":null}},"36":{"start":{"line":85,"column":17},"end":{"line":85,"column":45}},"37":{"start":{"line":87,"column":2},"end":{"line":123,"column":null}},"38":{"start":{"line":88,"column":4},"end":{"line":88,"column":null}},"39":{"start":{"line":88,"column":62},"end":{"line":88,"column":null}},"40":{"start":{"line":90,"column":24},"end":{"line":90,"column":null}},"41":{"start":{"line":91,"column":20},"end":{"line":91,"column":null}},"42":{"start":{"line":93,"column":4},"end":{"line":115,"column":null}},"43":{"start":{"line":95,"column":8},"end":{"line":95,"column":null}},"44":{"start":{"line":95,"column":23},"end":{"line":95,"column":null}},"45":{"start":{"line":96,"column":8},"end":{"line":96,"column":null}},"46":{"start":{"line":96,"column":31},"end":{"line":96,"column":null}},"47":{"start":{"line":97,"column":29},"end":{"line":103,"column":null}},"48":{"start":{"line":105,"column":8},"end":{"line":110,"column":null}},"49":{"start":{"line":106,"column":24},"end":{"line":106,"column":47}},"50":{"start":{"line":107,"column":10},"end":{"line":108,"column":null}},"51":{"start":{"line":108,"column":12},"end":{"line":108,"column":null}},"52":{"start":{"line":111,"column":8},"end":{"line":111,"column":null}},"53":{"start":{"line":117,"column":4},"end":{"line":120,"column":null}},"54":{"start":{"line":118,"column":6},"end":{"line":118,"column":null}},"55":{"start":{"line":119,"column":6},"end":{"line":120,"column":null}},"56":{"start":{"line":120,"column":9},"end":{"line":120,"column":null}},"57":{"start":{"line":125,"column":2},"end":{"line":125,"column":null}}},"fnMap":{"0":{"name":"resetLoadPromise","decl":{"start":{"line":33,"column":16},"end":{"line":33,"column":41}},"loc":{"start":{"line":33,"column":41},"end":{"line":34,"column":null}},"line":33},"1":{"name":"loadGoogleMapsScript","decl":{"start":{"line":37,"column":9},"end":{"line":37,"column":30}},"loc":{"start":{"line":37,"column":61},"end":{"line":50,"column":null}},"line":37},"2":{"name":"(anonymous_2)","decl":{"start":{"line":42,"column":20},"end":{"line":42,"column":35}},"loc":{"start":{"line":42,"column":55},"end":{"line":49,"column":null}},"line":42},"3":{"name":"(anonymous_3)","decl":{"start":{"line":46,"column":11},"end":{"line":46,"column":26}},"loc":{"start":{"line":46,"column":26},"end":{"line":46,"column":35}},"line":46},"4":{"name":"(anonymous_4)","decl":{"start":{"line":47,"column":11},"end":{"line":47,"column":27}},"loc":{"start":{"line":47,"column":27},"end":{"line":47,"column":78}},"line":47},"5":{"name":"parseAddressComponents","decl":{"start":{"line":53,"column":16},"end":{"line":53,"column":39}},"loc":{"start":{"line":53,"column":84},"end":{"line":76,"column":null}},"line":53},"6":{"name":"useGoogleMapsAutocomplete","decl":{"start":{"line":79,"column":16},"end":{"line":79,"column":42}},"loc":{"start":{"line":84,"column":70},"end":{"line":125,"column":null}},"line":84},"7":{"name":"(anonymous_7)","decl":{"start":{"line":87,"column":2},"end":{"line":87,"column":18}},"loc":{"start":{"line":87,"column":18},"end":{"line":123,"column":6}},"line":87},"8":{"name":"(anonymous_8)","decl":{"start":{"line":94,"column":7},"end":{"line":94,"column":18}},"loc":{"start":{"line":94,"column":18},"end":{"line":112,"column":null}},"line":94},"9":{"name":"(anonymous_9)","decl":{"start":{"line":105,"column":44},"end":{"line":105,"column":67}},"loc":{"start":{"line":105,"column":67},"end":{"line":110,"column":null}},"line":105},"10":{"name":"(anonymous_10)","decl":{"start":{"line":113,"column":7},"end":{"line":113,"column":19}},"loc":{"start":{"line":113,"column":19},"end":{"line":115,"column":null}},"line":113},"11":{"name":"(anonymous_11)","decl":{"start":{"line":117,"column":4},"end":{"line":117,"column":17}},"loc":{"start":{"line":117,"column":17},"end":{"line":120,"column":null}},"line":117}},"branchMap":{"0":{"loc":{"start":{"line":38,"column":2},"end":{"line":38,"column":null}},"type":"if","locations":[{"start":{"line":38,"column":2},"end":{"line":38,"column":null}},{"start":{},"end":{}}],"line":38},"1":{"loc":{"start":{"line":39,"column":2},"end":{"line":40,"column":null}},"type":"if","locations":[{"start":{"line":39,"column":2},"end":{"line":40,"column":null}},{"start":{},"end":{}}],"line":39},"2":{"loc":{"start":{"line":39,"column":6},"end":{"line":39,"column":77}},"type":"binary-expr","locations":[{"start":{"line":39,"column":6},"end":{"line":39,"column":40}},{"start":{"line":39,"column":40},"end":{"line":39,"column":77}}],"line":39},"3":{"loc":{"start":{"line":61,"column":4},"end":{"line":72,"column":null}},"type":"if","locations":[{"start":{"line":61,"column":4},"end":{"line":72,"column":null}},{"start":{"line":63,"column":15},"end":{"line":72,"column":null}}],"line":61},"4":{"loc":{"start":{"line":63,"column":15},"end":{"line":72,"column":null}},"type":"if","locations":[{"start":{"line":63,"column":15},"end":{"line":72,"column":null}},{"start":{"line":65,"column":15},"end":{"line":72,"column":null}}],"line":63},"5":{"loc":{"start":{"line":65,"column":15},"end":{"line":72,"column":null}},"type":"if","locations":[{"start":{"line":65,"column":15},"end":{"line":72,"column":null}},{"start":{"line":67,"column":15},"end":{"line":72,"column":null}}],"line":65},"6":{"loc":{"start":{"line":67,"column":15},"end":{"line":72,"column":null}},"type":"if","locations":[{"start":{"line":67,"column":15},"end":{"line":72,"column":null}},{"start":{"line":69,"column":15},"end":{"line":72,"column":null}}],"line":67},"7":{"loc":{"start":{"line":67,"column":15},"end":{"line":67,"column":63}},"type":"binary-expr","locations":[{"start":{"line":67,"column":15},"end":{"line":67,"column":52}},{"start":{"line":67,"column":56},"end":{"line":67,"column":63}}],"line":67},"8":{"loc":{"start":{"line":69,"column":15},"end":{"line":72,"column":null}},"type":"if","locations":[{"start":{"line":69,"column":15},"end":{"line":72,"column":null}},{"start":{"line":71,"column":15},"end":{"line":72,"column":null}}],"line":69},"9":{"loc":{"start":{"line":71,"column":15},"end":{"line":72,"column":null}},"type":"if","locations":[{"start":{"line":71,"column":15},"end":{"line":72,"column":null}},{"start":{},"end":{}}],"line":71},"10":{"loc":{"start":{"line":88,"column":4},"end":{"line":88,"column":null}},"type":"if","locations":[{"start":{"line":88,"column":4},"end":{"line":88,"column":null}},{"start":{},"end":{}}],"line":88},"11":{"loc":{"start":{"line":88,"column":8},"end":{"line":88,"column":62}},"type":"binary-expr","locations":[{"start":{"line":88,"column":8},"end":{"line":88,"column":20}},{"start":{"line":88,"column":20},"end":{"line":88,"column":31}},{"start":{"line":88,"column":31},"end":{"line":88,"column":62}}],"line":88},"12":{"loc":{"start":{"line":95,"column":8},"end":{"line":95,"column":null}},"type":"if","locations":[{"start":{"line":95,"column":8},"end":{"line":95,"column":null}},{"start":{},"end":{}}],"line":95},"13":{"loc":{"start":{"line":96,"column":8},"end":{"line":96,"column":null}},"type":"if","locations":[{"start":{"line":96,"column":8},"end":{"line":96,"column":null}},{"start":{},"end":{}}],"line":96},"14":{"loc":{"start":{"line":107,"column":10},"end":{"line":108,"column":null}},"type":"if","locations":[{"start":{"line":107,"column":10},"end":{"line":108,"column":null}},{"start":{},"end":{}}],"line":107},"15":{"loc":{"start":{"line":119,"column":6},"end":{"line":120,"column":null}},"type":"if","locations":[{"start":{"line":119,"column":6},"end":{"line":120,"column":null}},{"start":{},"end":{}}],"line":119},"16":{"loc":{"start":{"line":119,"column":10},"end":{"line":119,"column":59}},"type":"binary-expr","locations":[{"start":{"line":119,"column":10},"end":{"line":119,"column":23}},{"start":{"line":119,"column":23},"end":{"line":119,"column":59}}],"line":119}},"s":{"0":1,"1":1,"2":11,"3":10,"4":1,"5":9,"6":5,"7":4,"8":4,"9":4,"10":4,"11":4,"12":1,"13":4,"14":1,"15":4,"16":4,"17":6,"18":6,"19":6,"20":6,"21":6,"22":18,"23":18,"24":3,"25":15,"26":3,"27":12,"28":4,"29":8,"30":1,"31":7,"32":4,"33":3,"34":2,"35":6,"36":16,"37":16,"38":12,"39":2,"40":10,"41":10,"42":10,"43":6,"44":1,"45":5,"46":1,"47":4,"48":4,"49":2,"50":2,"51":1,"52":4,"53":10,"54":10,"55":10,"56":4,"57":16},"f":{"0":11,"1":10,"2":4,"3":1,"4":1,"5":6,"6":16,"7":12,"8":6,"9":2,"10":1,"11":10},"b":{"0":[1,9],"1":[5,4],"2":[9,9],"3":[3,15],"4":[3,12],"5":[4,8],"6":[1,7],"7":[8,2],"8":[4,3],"9":[2,1],"10":[2,10],"11":[12,10,10],"12":[1,5],"13":[1,4],"14":[1,1],"15":[4,6],"16":[10,4]},"meta":{"lastBranch":17,"lastFunction":12,"lastStatement":58,"seen":{"s:1:0:1:Infinity":0,"s:30:40:30:Infinity":1,"f:33:16:33:41":0,"s:34:2:34:Infinity":2,"f:37:9:37:30":1,"b:38:2:38:Infinity:undefined:undefined:undefined:undefined":0,"s:38:2:38:Infinity":3,"s:38:19:38:Infinity":4,"b:39:2:40:Infinity:undefined:undefined:undefined:undefined":1,"s:39:2:40:Infinity":5,"b:39:6:39:40:39:40:39:77":2,"s:40:4:40:Infinity":6,"s:42:2:49:Infinity":7,"f:42:20:42:35":2,"s:43:19:43:51":8,"s:44:4:44:Infinity":9,"s:45:4:45:Infinity":10,"s:46:4:46:Infinity":11,"f:46:11:46:26":3,"s:46:26:46:35":12,"s:47:4:47:Infinity":13,"f:47:11:47:27":4,"s:47:27:47:78":14,"s:48:4:48:Infinity":15,"s:50:2:50:Infinity":16,"f:53:16:53:39":5,"s:54:16:54:Infinity":17,"s:55:13:55:Infinity":18,"s:56:14:56:Infinity":19,"s:57:12:57:Infinity":20,"s:59:2:72:Infinity":21,"s:60:18:60:Infinity":22,"b:61:4:72:Infinity:63:15:72:Infinity":3,"s:61:4:72:Infinity":23,"s:62:6:62:Infinity":24,"b:63:15:72:Infinity:65:15:72:Infinity":4,"s:63:15:72:Infinity":25,"s:64:6:64:Infinity":26,"b:65:15:72:Infinity:67:15:72:Infinity":5,"s:65:15:72:Infinity":27,"s:66:6:66:Infinity":28,"b:67:15:72:Infinity:69:15:72:Infinity":6,"s:67:15:72:Infinity":29,"b:67:15:67:52:67:56:67:63":7,"s:68:6:68:Infinity":30,"b:69:15:72:Infinity:71:15:72:Infinity":8,"s:69:15:72:Infinity":31,"s:70:6:70:Infinity":32,"b:71:15:72:Infinity:undefined:undefined:undefined:undefined":9,"s:71:15:72:Infinity":33,"s:72:6:72:Infinity":34,"s:76:2:76:Infinity":35,"f:79:16:79:42":6,"s:85:17:85:45":36,"s:87:2:123:Infinity":37,"f:87:2:87:18":7,"b:88:4:88:Infinity:undefined:undefined:undefined:undefined":10,"s:88:4:88:Infinity":38,"b:88:8:88:20:88:20:88:31:88:31:88:62":11,"s:88:62:88:Infinity":39,"s:90:24:90:Infinity":40,"s:91:20:91:Infinity":41,"s:93:4:115:Infinity":42,"f:94:7:94:18":8,"b:95:8:95:Infinity:undefined:undefined:undefined:undefined":12,"s:95:8:95:Infinity":43,"s:95:23:95:Infinity":44,"b:96:8:96:Infinity:undefined:undefined:undefined:undefined":13,"s:96:8:96:Infinity":45,"s:96:31:96:Infinity":46,"s:97:29:103:Infinity":47,"s:105:8:110:Infinity":48,"f:105:44:105:67":9,"s:106:24:106:47":49,"b:107:10:108:Infinity:undefined:undefined:undefined:undefined":14,"s:107:10:108:Infinity":50,"s:108:12:108:Infinity":51,"s:111:8:111:Infinity":52,"f:113:7:113:19":10,"s:117:4:120:Infinity":53,"f:117:4:117:17":11,"s:118:6:118:Infinity":54,"b:119:6:120:Infinity:undefined:undefined:undefined:undefined":15,"s:119:6:120:Infinity":55,"b:119:10:119:23:119:23:119:59":16,"s:120:9:120:Infinity":56,"s:125:2:125:Infinity":57}}}
}
